<?xml version="1.0" encoding="UTF-8"?>
<testng-results skipped="0" failed="0" ignored="0" total="1" passed="1">
  <reporter-output>
  </reporter-output>
  <suite name="Default suite" duration-ms="3503" started-at="2020-07-26T09:52:00 IST" finished-at="2020-07-26T09:52:03 IST">
    <groups>
    </groups>
    <test name="Default test" duration-ms="3503" started-at="2020-07-26T09:52:00 IST" finished-at="2020-07-26T09:52:03 IST">
      <class name="StaticJsonFileImport">
        <test-method status="PASS" signature="AddBook()[pri:0, instance:StaticJsonFileImport@1e6d1014]" name="AddBook" duration-ms="3442" started-at="2020-07-26T09:52:00 IST" finished-at="2020-07-26T09:52:03 IST">
          <reporter-output>
          </reporter-output>
        </test-method> <!-- AddBook -->
      </class> <!-- StaticJsonFileImport -->
    </test> <!-- Default test -->
  </suite> <!-- Default suite -->
</testng-results>
